<?xml version="1.0" encoding="UTF-8"?>
<!-- Generated by org.testng.reporters.JUnitReportReporter -->
<testsuite hostname="surendranath" failures="0" tests="1" name="NewTest" time="0.007" errors="0" timestamp="2021-08-31T03:27:06 PDT" skipped="0">
  <testcase classname="NewTest" name="f" time="0.007"/>
  <system-out/>
</testsuite> <!-- NewTest -->
